C:\Program Files (x86)\Microsoft Visual Studio\2019\Enterprise\MSBuild\Microsoft\VC\v160\Microsoft.CppBuild.targets(513,5): warning MSB8028: The intermediate directory (x64\Debug\) contains files shared from another project (RayTracerCUDA.vcxproj).  This can lead to incorrect clean and rebuild behavior.
  Compiling CUDA source file main.cpp...
  
  C:\Users\ktoma\source\repos\PathTracerCUDA\PathTracerCUDA>"C:\Program Files\NVIDIA GPU Computing Toolkit\CUDA\v11.5\bin\nvcc.exe" -gencode=arch=compute_52,code=\"sm_52,compute_52\" --use-local-env -ccbin "C:\Program Files (x86)\Microsoft Visual Studio\2019\Enterprise\VC\Tools\MSVC\14.29.30133\bin\HostX86\x64" -x cu   -IC:\Users\ktoma\source\repos\PathTracerCUDA\Dependencies\GLFW\include -I"C:\Program Files\NVIDIA GPU Computing Toolkit\CUDA\v11.5\include" -I"C:\Program Files\NVIDIA GPU Computing Toolkit\CUDA\v11.5\include"  -G   --keep-dir x64\Debug  -maxrregcount=0  --machine 64 --compile -cudart static  -g  -DWIN32 -DWIN64 -D_DEBUG -D_CONSOLE -D_MBCS -Xcompiler "/EHsc /W3 /nologo /Od /Fdx64\Debug\vc142.pdb /FS /Zi /RTC1 /MDd " -o x64\Debug\main.cpp.obj "C:\Users\ktoma\source\repos\PathTracerCUDA\PathTracerCUDA\main.cpp" 
C:\Users\ktoma\source\repos\PathTracerCUDA\PathTracerCUDA\vector3.h(15): warning #20012-D: __host__ annotation is ignored on a function("Vector3") that is explicitly defaulted on its first declaration
  
C:\Users\ktoma\source\repos\PathTracerCUDA\PathTracerCUDA\vector3.h(15): warning #20012-D: __device__ annotation is ignored on a function("Vector3") that is explicitly defaulted on its first declaration
  
C:\Users\ktoma\source\repos\PathTracerCUDA\PathTracerCUDA\stb_image.h(4238): warning #550-D: variable "old_limit" was set but never used
  
C:\Users\ktoma\source\repos\PathTracerCUDA\PathTracerCUDA\stb_image.h(5179): warning #550-D: variable "idata_limit_old" was set but never used
  
C:\Users\ktoma\source\repos\PathTracerCUDA\PathTracerCUDA\stb_image.h(6998): warning #550-D: variable "out_size" was set but never used
  
C:\Users\ktoma\source\repos\PathTracerCUDA\PathTracerCUDA\stb_image.h(6999): warning #550-D: variable "delays_size" was set but never used
  
C:\Users\ktoma\source\repos\PathTracerCUDA\PathTracerCUDA\ray.h(8): warning #20012-D: __device__ annotation is ignored on a function("Ray") that is explicitly defaulted on its first declaration
  
C:\Users\ktoma\source\repos\PathTracerCUDA\PathTracerCUDA\sphere.h(7): warning #20012-D: __host__ annotation is ignored on a function("Sphere") that is explicitly defaulted on its first declaration
  
C:\Users\ktoma\source\repos\PathTracerCUDA\PathTracerCUDA\sphere.h(7): warning #20012-D: __device__ annotation is ignored on a function("Sphere") that is explicitly defaulted on its first declaration
  
C:\Users\ktoma\source\repos\PathTracerCUDA\PathTracerCUDA\environment_map.h(9): warning #20012-D: __device__ annotation is ignored on a function("EnvironmentMap") that is explicitly defaulted on its first declaration
  
C:\Users\ktoma\source\repos\PathTracerCUDA\PathTracerCUDA\bvh.h(35): warning #461-D: initial value of reference to non-const must be an lvalue
  
C:\Users\ktoma\source\repos\PathTracerCUDA\PathTracerCUDA\bvh.h(35): warning #461-D: initial value of reference to non-const must be an lvalue
  
C:\Users\ktoma\source\repos\PathTracerCUDA\PathTracerCUDA\main.cpp(69): warning #177-D: variable "local_rand_state" was declared but never referenced
  
C:\Users\ktoma\source\repos\PathTracerCUDA\PathTracerCUDA\vector3.h(15): warning #20012-D: __host__ annotation is ignored on a function("Vector3") that is explicitly defaulted on its first declaration
  
C:\Users\ktoma\source\repos\PathTracerCUDA\PathTracerCUDA\vector3.h(15): warning #20012-D: __device__ annotation is ignored on a function("Vector3") that is explicitly defaulted on its first declaration
  
C:\Users\ktoma\source\repos\PathTracerCUDA\PathTracerCUDA\ray.h(8): warning #20012-D: __device__ annotation is ignored on a function("Ray") that is explicitly defaulted on its first declaration
  
C:\Users\ktoma\source\repos\PathTracerCUDA\PathTracerCUDA\sphere.h(7): warning #20012-D: __host__ annotation is ignored on a function("Sphere") that is explicitly defaulted on its first declaration
  
C:\Users\ktoma\source\repos\PathTracerCUDA\PathTracerCUDA\sphere.h(7): warning #20012-D: __device__ annotation is ignored on a function("Sphere") that is explicitly defaulted on its first declaration
  
C:\Users\ktoma\source\repos\PathTracerCUDA\PathTracerCUDA\environment_map.h(9): warning #20012-D: __device__ annotation is ignored on a function("EnvironmentMap") that is explicitly defaulted on its first declaration
  
C:\Users\ktoma\source\repos\PathTracerCUDA\PathTracerCUDA\bvh.h(35): warning #461-D: initial value of reference to non-const must be an lvalue
  
C:\Users\ktoma\source\repos\PathTracerCUDA\PathTracerCUDA\bvh.h(35): warning #461-D: initial value of reference to non-const must be an lvalue
  
  main.cpp
C:\Users\ktoma\source\repos\PathTracerCUDA\PathTracerCUDA\vector3.h(83): warning C4244: '=': conversion from 'double' to 'float', possible loss of data
C:\Users\ktoma\source\repos\PathTracerCUDA\PathTracerCUDA\main.cpp(130): warning C4305: 'argument': truncation from 'double' to 'float'
C:\Users\ktoma\source\repos\PathTracerCUDA\PathTracerCUDA\main.cpp(133): warning C4305: 'argument': truncation from 'double' to 'float'
C:\Users\ktoma\source\repos\PathTracerCUDA\PathTracerCUDA\main.cpp(158): warning C4267: 'argument': conversion from 'size_t' to 'int', possible loss of data
C:\Users\ktoma\source\repos\PathTracerCUDA\PathTracerCUDA\main.cpp(237): warning C4244: 'initializing': conversion from 'double' to 'float', possible loss of data
C:\Users\ktoma\source\repos\PathTracerCUDA\PathTracerCUDA\main.cpp(238): warning C4244: 'initializing': conversion from 'double' to 'float', possible loss of data
C:\Users\ktoma\source\repos\PathTracerCUDA\PathTracerCUDA\main.cpp(239): warning C4244: '=': conversion from 'double' to 'float', possible loss of data
C:\Users\ktoma\source\repos\PathTracerCUDA\PathTracerCUDA\main.cpp(240): warning C4244: '=': conversion from 'double' to 'float', possible loss of data
     Creating library C:\Users\ktoma\source\repos\PathTracerCUDA\x64\Debug\PathTracerCUDA.lib and object C:\Users\ktoma\source\repos\PathTracerCUDA\x64\Debug\PathTracerCUDA.exp
LINK : warning LNK4098: defaultlib 'MSVCRT' conflicts with use of other libs; use /NODEFAULTLIB:library
  PathTracerCUDA.vcxproj -> C:\Users\ktoma\source\repos\PathTracerCUDA\x64\Debug\PathTracerCUDA.exe
